{"name": "test_accept_order_with_without_id_order_error", "status": "failed", "statusDetails": {"message": "AssertionError: assert (404 == 400)\n +  where 404 = <Response [404]>.status_code", "trace": "self = <test_accept_order.TestAcceptOrder object at 0x000001CDB9799790>, create_and_delete_account_courier = {'firstName': 'xonrijyymx', 'login': 'cxfpjxxonf', 'password': 'qjnjbusiyn'}\n\n    @allure.description('Проверка невозможности принятия заказа, если не передать  ID заказа. '\n                        'Получаем код 400 и  сообщение \\'Недостаточно данных для поиска\\'')\n    def test_accept_order_with_without_id_order_error(self, create_and_delete_account_courier):\n        login_courier = CourierMethods.create_and_login_courier(create_and_delete_account_courier)\n        id_courier = login_courier.json()['id']\n        response = OrderMethods.accept_order('', id_courier)\n>       assert response.status_code == 400 and response.json()['message'] == 'Недостаточно данных для поиска'\nE       assert (404 == 400)\nE        +  where 404 = <Response [404]>.status_code\n\ntests\\test_accept_order.py:53: AssertionError"}, "description": "Проверка невозможности принятия заказа, если не передать  ID заказа. Получаем код 400 и  сообщение 'Недостаточно данных для поиска'", "steps": [{"name": "Создание и Логин курьера", "status": "passed", "parameters": [{"name": "payload", "value": "{'login': 'cxfpjxxonf', 'password': 'qjnjbusiyn', 'firstName': 'xonrijyymx'}"}], "start": 1717775511960, "stop": 1717775512132}, {"name": "Принять заказ", "status": "passed", "parameters": [{"name": "id_order", "value": "''"}, {"name": "id_courier", "value": "327604"}], "start": 1717775512132, "stop": 1717775512184}], "start": 1717775511960, "stop": 1717775512185, "uuid": "ceca62e2-64d2-4c16-8098-2f22ce177def", "historyId": "7cfa39b128172b84018b55fac36c6fd5", "testCaseId": "7cfa39b128172b84018b55fac36c6fd5", "fullName": "tests.test_accept_order.TestAcceptOrder#test_accept_order_with_without_id_order_error", "labels": [{"name": "parentSuite", "value": "tests"}, {"name": "suite", "value": "test_accept_order"}, {"name": "subSuite", "value": "TestAcceptOrder"}, {"name": "host", "value": "NB-MP25VCCB"}, {"name": "thread", "value": "12600-MainThread"}, {"name": "framework", "value": "pytest"}, {"name": "language", "value": "cpython3"}, {"name": "package", "value": "tests.test_accept_order"}]}